[2024.08.11 15:29:21] (Coverage ERROR): Failed to parse agent arguments
java.lang.IllegalArgumentException: At least 5 arguments expected but 1 found.
'C:\Users\Pawe?\AppData\Local\Temp\coveragearg'
Expected arguments are:
0) data file to save coverage result
1) a flag to enable tracking per test coverage
2) a flag to calculate coverage for unloaded classes
3) a flag to use data file as initial coverage, also use it if several parallel processes are to write into one file
4) a flag to run line coverage or branch coverage otherwise

	at com.intellij.rt.coverage.instrumentation.CoverageArgs.fromString(CoverageArgs.java:60)
	at com.intellij.rt.coverage.instrumentation.Instrumentator.performPremain(Instrumentator.java:58)
	at com.intellij.rt.coverage.instrumentation.Instrumentator.premain(Instrumentator.java:44)
	at java.base/jdk.internal.reflect.DirectMethodHandleAccessor.invoke(DirectMethodHandleAccessor.java:103)
	at java.base/java.lang.reflect.Method.invoke(Method.java:580)
	at com.intellij.rt.coverage.main.CoveragePremain.premain(CoveragePremain.java:35)
	at com.intellij.rt.coverage.main.CoveragePremain.premain(CoveragePremain.java:28)
	at java.base/jdk.internal.reflect.DirectMethodHandleAccessor.invoke(DirectMethodHandleAccessor.java:103)
	at java.base/java.lang.reflect.Method.invoke(Method.java:580)
	at java.instrument/sun.instrument.InstrumentationImpl.loadClassAndStartAgent(InstrumentationImpl.java:560)
	at java.instrument/sun.instrument.InstrumentationImpl.loadClassAndCallPremain(InstrumentationImpl.java:572)
[2024.08.11 15:29:45] (Coverage ERROR): Failed to parse agent arguments
java.lang.IllegalArgumentException: At least 5 arguments expected but 1 found.
'C:\Users\Pawe?\AppData\Local\Temp\coverage1arg'
Expected arguments are:
0) data file to save coverage result
1) a flag to enable tracking per test coverage
2) a flag to calculate coverage for unloaded classes
3) a flag to use data file as initial coverage, also use it if several parallel processes are to write into one file
4) a flag to run line coverage or branch coverage otherwise

	at com.intellij.rt.coverage.instrumentation.CoverageArgs.fromString(CoverageArgs.java:60)
	at com.intellij.rt.coverage.instrumentation.Instrumentator.performPremain(Instrumentator.java:58)
	at com.intellij.rt.coverage.instrumentation.Instrumentator.premain(Instrumentator.java:44)
	at java.base/jdk.internal.reflect.DirectMethodHandleAccessor.invoke(DirectMethodHandleAccessor.java:103)
	at java.base/java.lang.reflect.Method.invoke(Method.java:580)
	at com.intellij.rt.coverage.main.CoveragePremain.premain(CoveragePremain.java:35)
	at com.intellij.rt.coverage.main.CoveragePremain.premain(CoveragePremain.java:28)
	at java.base/jdk.internal.reflect.DirectMethodHandleAccessor.invoke(DirectMethodHandleAccessor.java:103)
	at java.base/java.lang.reflect.Method.invoke(Method.java:580)
	at java.instrument/sun.instrument.InstrumentationImpl.loadClassAndStartAgent(InstrumentationImpl.java:560)
	at java.instrument/sun.instrument.InstrumentationImpl.loadClassAndCallPremain(InstrumentationImpl.java:572)
[2024.08.11 15:51:21] (Coverage ERROR): Failed to parse agent arguments
java.lang.IllegalArgumentException: At least 5 arguments expected but 1 found.
'C:\Users\Pawe?\AppData\Local\Temp\coverage2arg'
Expected arguments are:
0) data file to save coverage result
1) a flag to enable tracking per test coverage
2) a flag to calculate coverage for unloaded classes
3) a flag to use data file as initial coverage, also use it if several parallel processes are to write into one file
4) a flag to run line coverage or branch coverage otherwise

	at com.intellij.rt.coverage.instrumentation.CoverageArgs.fromString(CoverageArgs.java:60)
	at com.intellij.rt.coverage.instrumentation.Instrumentator.performPremain(Instrumentator.java:58)
	at com.intellij.rt.coverage.instrumentation.Instrumentator.premain(Instrumentator.java:44)
	at java.base/jdk.internal.reflect.DirectMethodHandleAccessor.invoke(DirectMethodHandleAccessor.java:103)
	at java.base/java.lang.reflect.Method.invoke(Method.java:580)
	at com.intellij.rt.coverage.main.CoveragePremain.premain(CoveragePremain.java:35)
	at com.intellij.rt.coverage.main.CoveragePremain.premain(CoveragePremain.java:28)
	at java.base/jdk.internal.reflect.DirectMethodHandleAccessor.invoke(DirectMethodHandleAccessor.java:103)
	at java.base/java.lang.reflect.Method.invoke(Method.java:580)
	at java.instrument/sun.instrument.InstrumentationImpl.loadClassAndStartAgent(InstrumentationImpl.java:560)
	at java.instrument/sun.instrument.InstrumentationImpl.loadClassAndCallPremain(InstrumentationImpl.java:572)
[2024.08.11 15:52:45] (Coverage ERROR): Failed to parse agent arguments
java.lang.IllegalArgumentException: At least 5 arguments expected but 1 found.
'C:\Users\Pawe?\AppData\Local\Temp\coverage11arg'
Expected arguments are:
0) data file to save coverage result
1) a flag to enable tracking per test coverage
2) a flag to calculate coverage for unloaded classes
3) a flag to use data file as initial coverage, also use it if several parallel processes are to write into one file
4) a flag to run line coverage or branch coverage otherwise

	at com.intellij.rt.coverage.instrumentation.CoverageArgs.fromString(CoverageArgs.java:60)
	at com.intellij.rt.coverage.instrumentation.Instrumentator.performPremain(Instrumentator.java:58)
	at com.intellij.rt.coverage.instrumentation.Instrumentator.premain(Instrumentator.java:44)
	at java.base/jdk.internal.reflect.DirectMethodHandleAccessor.invoke(DirectMethodHandleAccessor.java:103)
	at java.base/java.lang.reflect.Method.invoke(Method.java:580)
	at com.intellij.rt.coverage.main.CoveragePremain.premain(CoveragePremain.java:35)
	at com.intellij.rt.coverage.main.CoveragePremain.premain(CoveragePremain.java:28)
	at java.base/jdk.internal.reflect.DirectMethodHandleAccessor.invoke(DirectMethodHandleAccessor.java:103)
	at java.base/java.lang.reflect.Method.invoke(Method.java:580)
	at java.instrument/sun.instrument.InstrumentationImpl.loadClassAndStartAgent(InstrumentationImpl.java:560)
	at java.instrument/sun.instrument.InstrumentationImpl.loadClassAndCallPremain(InstrumentationImpl.java:572)
[2024.08.11 15:56:08] (Coverage ERROR): Failed to parse agent arguments
java.lang.IllegalArgumentException: At least 5 arguments expected but 1 found.
'C:\Users\Pawe?\AppData\Local\Temp\coverage9arg'
Expected arguments are:
0) data file to save coverage result
1) a flag to enable tracking per test coverage
2) a flag to calculate coverage for unloaded classes
3) a flag to use data file as initial coverage, also use it if several parallel processes are to write into one file
4) a flag to run line coverage or branch coverage otherwise

	at com.intellij.rt.coverage.instrumentation.CoverageArgs.fromString(CoverageArgs.java:60)
	at com.intellij.rt.coverage.instrumentation.Instrumentator.performPremain(Instrumentator.java:58)
	at com.intellij.rt.coverage.instrumentation.Instrumentator.premain(Instrumentator.java:44)
	at java.base/jdk.internal.reflect.DirectMethodHandleAccessor.invoke(DirectMethodHandleAccessor.java:103)
	at java.base/java.lang.reflect.Method.invoke(Method.java:580)
	at com.intellij.rt.coverage.main.CoveragePremain.premain(CoveragePremain.java:35)
	at com.intellij.rt.coverage.main.CoveragePremain.premain(CoveragePremain.java:28)
	at java.base/jdk.internal.reflect.DirectMethodHandleAccessor.invoke(DirectMethodHandleAccessor.java:103)
	at java.base/java.lang.reflect.Method.invoke(Method.java:580)
	at java.instrument/sun.instrument.InstrumentationImpl.loadClassAndStartAgent(InstrumentationImpl.java:560)
	at java.instrument/sun.instrument.InstrumentationImpl.loadClassAndCallPremain(InstrumentationImpl.java:572)
[2024.08.11 15:57:04] (Coverage ERROR): Failed to parse agent arguments
java.lang.IllegalArgumentException: At least 5 arguments expected but 1 found.
'C:\Users\Pawe?\AppData\Local\Temp\coverage10arg'
Expected arguments are:
0) data file to save coverage result
1) a flag to enable tracking per test coverage
2) a flag to calculate coverage for unloaded classes
3) a flag to use data file as initial coverage, also use it if several parallel processes are to write into one file
4) a flag to run line coverage or branch coverage otherwise

	at com.intellij.rt.coverage.instrumentation.CoverageArgs.fromString(CoverageArgs.java:60)
	at com.intellij.rt.coverage.instrumentation.Instrumentator.performPremain(Instrumentator.java:58)
	at com.intellij.rt.coverage.instrumentation.Instrumentator.premain(Instrumentator.java:44)
	at java.base/jdk.internal.reflect.DirectMethodHandleAccessor.invoke(DirectMethodHandleAccessor.java:103)
	at java.base/java.lang.reflect.Method.invoke(Method.java:580)
	at com.intellij.rt.coverage.main.CoveragePremain.premain(CoveragePremain.java:35)
	at com.intellij.rt.coverage.main.CoveragePremain.premain(CoveragePremain.java:28)
	at java.base/jdk.internal.reflect.DirectMethodHandleAccessor.invoke(DirectMethodHandleAccessor.java:103)
	at java.base/java.lang.reflect.Method.invoke(Method.java:580)
	at java.instrument/sun.instrument.InstrumentationImpl.loadClassAndStartAgent(InstrumentationImpl.java:560)
	at java.instrument/sun.instrument.InstrumentationImpl.loadClassAndCallPremain(InstrumentationImpl.java:572)
[2024.08.11 17:49:34] (Coverage ERROR): Failed to parse agent arguments
java.lang.IllegalArgumentException: At least 5 arguments expected but 1 found.
'C:\Users\Pawe³\AppData\Local\Temp\coverage5arg'
Expected arguments are:
0) data file to save coverage result
1) a flag to enable tracking per test coverage
2) a flag to calculate coverage for unloaded classes
3) a flag to use data file as initial coverage, also use it if several parallel processes are to write into one file
4) a flag to run line coverage or branch coverage otherwise

	at com.intellij.rt.coverage.instrumentation.CoverageArgs.fromString(CoverageArgs.java:60)
	at com.intellij.rt.coverage.instrumentation.Instrumentator.performPremain(Instrumentator.java:58)
	at com.intellij.rt.coverage.instrumentation.Instrumentator.premain(Instrumentator.java:44)
	at java.base/jdk.internal.reflect.DirectMethodHandleAccessor.invoke(DirectMethodHandleAccessor.java:103)
	at java.base/java.lang.reflect.Method.invoke(Method.java:580)
	at com.intellij.rt.coverage.main.CoveragePremain.premain(CoveragePremain.java:35)
	at com.intellij.rt.coverage.main.CoveragePremain.premain(CoveragePremain.java:28)
	at java.base/jdk.internal.reflect.DirectMethodHandleAccessor.invoke(DirectMethodHandleAccessor.java:103)
	at java.base/java.lang.reflect.Method.invoke(Method.java:580)
	at java.instrument/sun.instrument.InstrumentationImpl.loadClassAndStartAgent(InstrumentationImpl.java:560)
	at java.instrument/sun.instrument.InstrumentationImpl.loadClassAndCallPremain(InstrumentationImpl.java:572)
[2024.08.11 18:05:23] (Coverage ERROR): Failed to parse agent arguments
java.lang.IllegalArgumentException: At least 5 arguments expected but 1 found.
'C:\Users\Pawe³\AppData\Local\Temp\coverage4arg'
Expected arguments are:
0) data file to save coverage result
1) a flag to enable tracking per test coverage
2) a flag to calculate coverage for unloaded classes
3) a flag to use data file as initial coverage, also use it if several parallel processes are to write into one file
4) a flag to run line coverage or branch coverage otherwise

	at com.intellij.rt.coverage.instrumentation.CoverageArgs.fromString(CoverageArgs.java:60)
	at com.intellij.rt.coverage.instrumentation.Instrumentator.performPremain(Instrumentator.java:58)
	at com.intellij.rt.coverage.instrumentation.Instrumentator.premain(Instrumentator.java:44)
	at java.base/jdk.internal.reflect.DirectMethodHandleAccessor.invoke(DirectMethodHandleAccessor.java:103)
	at java.base/java.lang.reflect.Method.invoke(Method.java:580)
	at com.intellij.rt.coverage.main.CoveragePremain.premain(CoveragePremain.java:35)
	at com.intellij.rt.coverage.main.CoveragePremain.premain(CoveragePremain.java:28)
	at java.base/jdk.internal.reflect.DirectMethodHandleAccessor.invoke(DirectMethodHandleAccessor.java:103)
	at java.base/java.lang.reflect.Method.invoke(Method.java:580)
	at java.instrument/sun.instrument.InstrumentationImpl.loadClassAndStartAgent(InstrumentationImpl.java:560)
	at java.instrument/sun.instrument.InstrumentationImpl.loadClassAndCallPremain(InstrumentationImpl.java:572)
[2024.08.11 18:07:41] (Coverage ERROR): Failed to parse agent arguments
java.lang.IllegalArgumentException: At least 5 arguments expected but 1 found.
'C:\Users\Pawe³\AppData\Local\Temp\coverage6arg'
Expected arguments are:
0) data file to save coverage result
1) a flag to enable tracking per test coverage
2) a flag to calculate coverage for unloaded classes
3) a flag to use data file as initial coverage, also use it if several parallel processes are to write into one file
4) a flag to run line coverage or branch coverage otherwise

	at com.intellij.rt.coverage.instrumentation.CoverageArgs.fromString(CoverageArgs.java:60)
	at com.intellij.rt.coverage.instrumentation.Instrumentator.performPremain(Instrumentator.java:58)
	at com.intellij.rt.coverage.instrumentation.Instrumentator.premain(Instrumentator.java:44)
	at java.base/jdk.internal.reflect.DirectMethodHandleAccessor.invoke(DirectMethodHandleAccessor.java:103)
	at java.base/java.lang.reflect.Method.invoke(Method.java:580)
	at com.intellij.rt.coverage.main.CoveragePremain.premain(CoveragePremain.java:35)
	at com.intellij.rt.coverage.main.CoveragePremain.premain(CoveragePremain.java:28)
	at java.base/jdk.internal.reflect.DirectMethodHandleAccessor.invoke(DirectMethodHandleAccessor.java:103)
	at java.base/java.lang.reflect.Method.invoke(Method.java:580)
	at java.instrument/sun.instrument.InstrumentationImpl.loadClassAndStartAgent(InstrumentationImpl.java:560)
	at java.instrument/sun.instrument.InstrumentationImpl.loadClassAndCallPremain(InstrumentationImpl.java:572)
[2024.08.11 18:13:23] (Coverage ERROR): Failed to parse agent arguments
java.lang.IllegalArgumentException: At least 5 arguments expected but 1 found.
'C:\Users\Pawe³\AppData\Local\Temp\coverage9454arg'
Expected arguments are:
0) data file to save coverage result
1) a flag to enable tracking per test coverage
2) a flag to calculate coverage for unloaded classes
3) a flag to use data file as initial coverage, also use it if several parallel processes are to write into one file
4) a flag to run line coverage or branch coverage otherwise

	at com.intellij.rt.coverage.instrumentation.CoverageArgs.fromString(CoverageArgs.java:60)
	at com.intellij.rt.coverage.instrumentation.Instrumentator.performPremain(Instrumentator.java:58)
	at com.intellij.rt.coverage.instrumentation.Instrumentator.premain(Instrumentator.java:44)
	at java.base/jdk.internal.reflect.DirectMethodHandleAccessor.invoke(DirectMethodHandleAccessor.java:103)
	at java.base/java.lang.reflect.Method.invoke(Method.java:580)
	at com.intellij.rt.coverage.main.CoveragePremain.premain(CoveragePremain.java:35)
	at com.intellij.rt.coverage.main.CoveragePremain.premain(CoveragePremain.java:28)
	at java.base/jdk.internal.reflect.DirectMethodHandleAccessor.invoke(DirectMethodHandleAccessor.java:103)
	at java.base/java.lang.reflect.Method.invoke(Method.java:580)
	at java.instrument/sun.instrument.InstrumentationImpl.loadClassAndStartAgent(InstrumentationImpl.java:560)
	at java.instrument/sun.instrument.InstrumentationImpl.loadClassAndCallPremain(InstrumentationImpl.java:572)
[2024.08.11 19:54:35] (Coverage ERROR): Failed to parse agent arguments
java.lang.IllegalArgumentException: At least 5 arguments expected but 1 found.
'C:\Users\Pawe³\AppData\Local\Temp\coveragearg'
Expected arguments are:
0) data file to save coverage result
1) a flag to enable tracking per test coverage
2) a flag to calculate coverage for unloaded classes
3) a flag to use data file as initial coverage, also use it if several parallel processes are to write into one file
4) a flag to run line coverage or branch coverage otherwise

	at com.intellij.rt.coverage.instrumentation.CoverageArgs.fromString(CoverageArgs.java:60)
	at com.intellij.rt.coverage.instrumentation.Instrumentator.performPremain(Instrumentator.java:58)
	at com.intellij.rt.coverage.instrumentation.Instrumentator.premain(Instrumentator.java:44)
	at java.base/jdk.internal.reflect.DirectMethodHandleAccessor.invoke(DirectMethodHandleAccessor.java:103)
	at java.base/java.lang.reflect.Method.invoke(Method.java:580)
	at com.intellij.rt.coverage.main.CoveragePremain.premain(CoveragePremain.java:35)
	at com.intellij.rt.coverage.main.CoveragePremain.premain(CoveragePremain.java:28)
	at java.base/jdk.internal.reflect.DirectMethodHandleAccessor.invoke(DirectMethodHandleAccessor.java:103)
	at java.base/java.lang.reflect.Method.invoke(Method.java:580)
	at java.instrument/sun.instrument.InstrumentationImpl.loadClassAndStartAgent(InstrumentationImpl.java:560)
	at java.instrument/sun.instrument.InstrumentationImpl.loadClassAndCallPremain(InstrumentationImpl.java:572)
